<?xml version="1.0" encoding="UTF-8"?>
<!-- Generated by org.testng.reporters.JUnitXMLReporter -->
<testsuite ignored="0" hostname="LAPTOP-UP6DASG6" failures="0" tests="4" name="Test" time="2.591" errors="0" timestamp="2025-06-24T19:38:45 IST">
  <testcase classname="api.test.StudentTests" name="testPostStudent" time="1.841"/>
  <testcase classname="api.test.StudentTests" name="testGetStudent" time="0.04"/>
  <testcase classname="api.test.StudentTests" name="testPutStudent" time="0.033"/>
  <testcase classname="api.test.StudentTests" name="testDeleteStudent" time="0.036"/>
</testsuite> <!-- Test -->
