<?xml version="1.0" encoding="UTF-8"?>
<testng-results ignored="0" total="4" passed="4" failed="0" skipped="0">
  <reporter-output>
  </reporter-output>
  <suite started-at="2025-06-24T20:55:36 IST" name="StudentAPI" finished-at="2025-06-24T20:55:39 IST" duration-ms="3360">
    <groups>
    </groups>
    <test started-at="2025-06-24T20:55:36 IST" name="Test" finished-at="2025-06-24T20:55:39 IST" duration-ms="3360">
      <class name="api.test.StudentTests2">
        <test-method is-config="true" signature="setupData()[pri:0, instance:api.test.StudentTests2@7eac9008]" started-at="2025-06-24T20:55:36 IST" name="setupData" finished-at="2025-06-24T20:55:37 IST" duration-ms="828" status="PASS">
          <reporter-output>
          </reporter-output>
        </test-method> <!-- setupData -->
        <test-method signature="testPostStudent()[pri:1, instance:api.test.StudentTests2@7eac9008]" started-at="2025-06-24T20:55:37 IST" name="testPostStudent" finished-at="2025-06-24T20:55:39 IST" duration-ms="2152" status="PASS">
          <reporter-output>
          </reporter-output>
        </test-method> <!-- testPostStudent -->
        <test-method signature="testGetStudent()[pri:2, instance:api.test.StudentTests2@7eac9008]" started-at="2025-06-24T20:55:39 IST" name="testGetStudent" finished-at="2025-06-24T20:55:39 IST" duration-ms="46" status="PASS">
          <reporter-output>
          </reporter-output>
        </test-method> <!-- testGetStudent -->
        <test-method signature="testPutStudent()[pri:3, instance:api.test.StudentTests2@7eac9008]" started-at="2025-06-24T20:55:39 IST" name="testPutStudent" finished-at="2025-06-24T20:55:39 IST" duration-ms="46" status="PASS">
          <reporter-output>
          </reporter-output>
        </test-method> <!-- testPutStudent -->
        <test-method signature="testDeleteStudent()[pri:4, instance:api.test.StudentTests2@7eac9008]" started-at="2025-06-24T20:55:39 IST" name="testDeleteStudent" finished-at="2025-06-24T20:55:39 IST" duration-ms="28" status="PASS">
          <reporter-output>
          </reporter-output>
        </test-method> <!-- testDeleteStudent -->
      </class> <!-- api.test.StudentTests2 -->
    </test> <!-- Test -->
  </suite> <!-- StudentAPI -->
</testng-results>
