<?xml version="1.0" encoding="UTF-8"?>
<!-- Generated by org.testng.reporters.JUnitXMLReporter -->
<testsuite ignored="0" hostname="LAPTOP-UP6DASG6" failures="0" tests="4" name="Test" time="3.36" errors="0" timestamp="2025-06-24T20:55:40 IST">
  <testcase classname="api.test.StudentTests2" name="testPostStudent" time="2.152"/>
  <testcase classname="api.test.StudentTests2" name="testGetStudent" time="0.046"/>
  <testcase classname="api.test.StudentTests2" name="testPutStudent" time="0.046"/>
  <testcase classname="api.test.StudentTests2" name="testDeleteStudent" time="0.028"/>
</testsuite> <!-- Test -->
